SF:lib/src/rcon_vars.dart
DA:12,4
LF:1
LH:1
end_of_record
SF:lib/src/rcon_api.dart
DA:10,0
DA:13,0
DA:18,0
DA:25,0
DA:32,0
DA:40,0
DA:43,0
DA:46,0
DA:47,0
DA:54,0
DA:57,0
DA:62,0
DA:65,0
DA:72,0
DA:82,0
DA:83,0
DA:84,0
DA:86,0
DA:87,0
DA:88,0
DA:90,0
DA:91,0
DA:92,0
LF:23
LH:0
end_of_record
SF:lib/src/rcon_helpers.dart
DA:12,1
DA:15,6
DA:17,1
DA:18,2
DA:19,2
DA:20,2
DA:21,2
DA:28,1
DA:29,2
DA:30,3
DA:31,3
DA:32,3
DA:43,1
DA:45,1
DA:53,1
DA:57,5
DA:58,1
DA:62,1
DA:66,1
DA:70,1
DA:80,1
DA:82,1
DA:87,1
DA:89,1
DA:90,1
DA:91,1
DA:94,1
DA:110,1
DA:111,2
DA:114,1
DA:116,2
DA:120,1
DA:125,1
DA:141,1
DA:143,1
DA:144,1
DA:148,1
DA:149,1
DA:150,2
DA:154,2
DA:158,1
DA:159,1
DA:165,1
DA:167,1
DA:172,1
DA:174,1
DA:178,1
DA:180,2
DA:188,2
DA:189,1
DA:190,1
DA:203,1
DA:205,1
DA:208,2
DA:210,1
DA:216,2
DA:232,1
DA:234,1
DA:237,2
DA:240,1
DA:241,1
DA:255,1
DA:257,1
DA:261,2
DA:262,1
DA:266,1
DA:277,1
DA:285,1
DA:286,2
DA:287,1
DA:290,2
DA:297,1
DA:300,1
DA:305,1
DA:307,1
LF:75
LH:75
end_of_record
